<?xml version="1.0" encoding="UTF-8"?>
<!-- Generated by org.testng.reporters.JUnitReportReporter -->
<testsuite hostname="admin-PC" failures="0" tests="1" name="Keyworddriven.RegressionTest" time="49.817" errors="0" timestamp="2022-05-17T20:07:46 IST" skipped="0">
  <testcase classname="Keyworddriven.RegressionTest" name="VarifyTitleOfHomePage" time="49.817"/>
  <system-out/>
</testsuite> <!-- Keyworddriven.RegressionTest -->
